ARM GAS  C:\Users\MSI-NB\AppData\Local\Temp\ccpf1cto.s 			page 1


   1              		.cpu cortex-m4
   2              		.eabi_attribute 27, 1
   3              		.eabi_attribute 28, 1
   4              		.eabi_attribute 20, 1
   5              		.eabi_attribute 21, 1
   6              		.eabi_attribute 23, 3
   7              		.eabi_attribute 24, 1
   8              		.eabi_attribute 25, 1
   9              		.eabi_attribute 26, 1
  10              		.eabi_attribute 30, 1
  11              		.eabi_attribute 34, 1
  12              		.eabi_attribute 18, 4
  13              		.file	"gpio.c"
  14              		.text
  15              	.Ltext0:
  16              		.cfi_sections	.debug_frame
  17              		.section	.text.MX_GPIO_Init,"ax",%progbits
  18              		.align	1
  19              		.global	MX_GPIO_Init
  20              		.arch armv7e-m
  21              		.syntax unified
  22              		.thumb
  23              		.thumb_func
  24              		.fpu fpv4-sp-d16
  26              	MX_GPIO_Init:
  27              	.LFB130:
  28              		.file 1 "Core/Src/gpio.c"
   1:Core/Src/gpio.c **** /**
   2:Core/Src/gpio.c ****   ******************************************************************************
   3:Core/Src/gpio.c ****   * File Name          : gpio.c
   4:Core/Src/gpio.c ****   * Description        : This file provides code for the configuration
   5:Core/Src/gpio.c ****   *                      of all used GPIO pins.
   6:Core/Src/gpio.c ****   ******************************************************************************
   7:Core/Src/gpio.c ****   * @attention
   8:Core/Src/gpio.c ****   *
   9:Core/Src/gpio.c ****   * <h2><center>&copy; Copyright (c) 2022 STMicroelectronics.
  10:Core/Src/gpio.c ****   * All rights reserved.</center></h2>
  11:Core/Src/gpio.c ****   *
  12:Core/Src/gpio.c ****   * This software component is licensed by ST under BSD 3-Clause license,
  13:Core/Src/gpio.c ****   * the "License"; You may not use this file except in compliance with the
  14:Core/Src/gpio.c ****   * License. You may obtain a copy of the License at:
  15:Core/Src/gpio.c ****   *                        opensource.org/licenses/BSD-3-Clause
  16:Core/Src/gpio.c ****   *
  17:Core/Src/gpio.c ****   ******************************************************************************
  18:Core/Src/gpio.c ****   */
  19:Core/Src/gpio.c **** 
  20:Core/Src/gpio.c **** /* Includes ------------------------------------------------------------------*/
  21:Core/Src/gpio.c **** #include "gpio.h"
  22:Core/Src/gpio.c **** /* USER CODE BEGIN 0 */
  23:Core/Src/gpio.c **** 
  24:Core/Src/gpio.c **** /* USER CODE END 0 */
  25:Core/Src/gpio.c **** 
  26:Core/Src/gpio.c **** /*----------------------------------------------------------------------------*/
  27:Core/Src/gpio.c **** /* Configure GPIO                                                             */
  28:Core/Src/gpio.c **** /*----------------------------------------------------------------------------*/
  29:Core/Src/gpio.c **** /* USER CODE BEGIN 1 */
  30:Core/Src/gpio.c **** 
ARM GAS  C:\Users\MSI-NB\AppData\Local\Temp\ccpf1cto.s 			page 2


  31:Core/Src/gpio.c **** /* USER CODE END 1 */
  32:Core/Src/gpio.c **** 
  33:Core/Src/gpio.c **** /** Configure pins as
  34:Core/Src/gpio.c ****         * Analog
  35:Core/Src/gpio.c ****         * Input
  36:Core/Src/gpio.c ****         * Output
  37:Core/Src/gpio.c ****         * EVENT_OUT
  38:Core/Src/gpio.c ****         * EXTI
  39:Core/Src/gpio.c **** */
  40:Core/Src/gpio.c **** void MX_GPIO_Init(void)
  41:Core/Src/gpio.c **** {
  29              		.loc 1 41 1 view -0
  30              		.cfi_startproc
  31              		@ args = 0, pretend = 0, frame = 32
  32              		@ frame_needed = 0, uses_anonymous_args = 0
  33 0000 70B5     		push	{r4, r5, r6, lr}
  34              	.LCFI0:
  35              		.cfi_def_cfa_offset 16
  36              		.cfi_offset 4, -16
  37              		.cfi_offset 5, -12
  38              		.cfi_offset 6, -8
  39              		.cfi_offset 14, -4
  40 0002 88B0     		sub	sp, sp, #32
  41              	.LCFI1:
  42              		.cfi_def_cfa_offset 48
  42:Core/Src/gpio.c **** 
  43:Core/Src/gpio.c ****   GPIO_InitTypeDef GPIO_InitStruct = {0};
  43              		.loc 1 43 3 view .LVU1
  44              		.loc 1 43 20 is_stmt 0 view .LVU2
  45 0004 0024     		movs	r4, #0
  46 0006 0394     		str	r4, [sp, #12]
  47 0008 0494     		str	r4, [sp, #16]
  48 000a 0594     		str	r4, [sp, #20]
  49 000c 0694     		str	r4, [sp, #24]
  50 000e 0794     		str	r4, [sp, #28]
  44:Core/Src/gpio.c **** 
  45:Core/Src/gpio.c ****   /* GPIO Ports Clock Enable */
  46:Core/Src/gpio.c ****   __HAL_RCC_GPIOC_CLK_ENABLE();
  51              		.loc 1 46 3 is_stmt 1 view .LVU3
  52              	.LBB2:
  53              		.loc 1 46 3 view .LVU4
  54 0010 0094     		str	r4, [sp]
  55              		.loc 1 46 3 view .LVU5
  56 0012 1C4B     		ldr	r3, .L3
  57 0014 1A6B     		ldr	r2, [r3, #48]
  58 0016 42F00402 		orr	r2, r2, #4
  59 001a 1A63     		str	r2, [r3, #48]
  60              		.loc 1 46 3 view .LVU6
  61 001c 1A6B     		ldr	r2, [r3, #48]
  62 001e 02F00402 		and	r2, r2, #4
  63 0022 0092     		str	r2, [sp]
  64              		.loc 1 46 3 view .LVU7
  65 0024 009A     		ldr	r2, [sp]
  66              	.LBE2:
  47:Core/Src/gpio.c ****   __HAL_RCC_GPIOH_CLK_ENABLE();
  67              		.loc 1 47 3 view .LVU8
  68              	.LBB3:
ARM GAS  C:\Users\MSI-NB\AppData\Local\Temp\ccpf1cto.s 			page 3


  69              		.loc 1 47 3 view .LVU9
  70 0026 0194     		str	r4, [sp, #4]
  71              		.loc 1 47 3 view .LVU10
  72 0028 1A6B     		ldr	r2, [r3, #48]
  73 002a 42F08002 		orr	r2, r2, #128
  74 002e 1A63     		str	r2, [r3, #48]
  75              		.loc 1 47 3 view .LVU11
  76 0030 1A6B     		ldr	r2, [r3, #48]
  77 0032 02F08002 		and	r2, r2, #128
  78 0036 0192     		str	r2, [sp, #4]
  79              		.loc 1 47 3 view .LVU12
  80 0038 019A     		ldr	r2, [sp, #4]
  81              	.LBE3:
  48:Core/Src/gpio.c ****   __HAL_RCC_GPIOA_CLK_ENABLE();
  82              		.loc 1 48 3 view .LVU13
  83              	.LBB4:
  84              		.loc 1 48 3 view .LVU14
  85 003a 0294     		str	r4, [sp, #8]
  86              		.loc 1 48 3 view .LVU15
  87 003c 1A6B     		ldr	r2, [r3, #48]
  88 003e 42F00102 		orr	r2, r2, #1
  89 0042 1A63     		str	r2, [r3, #48]
  90              		.loc 1 48 3 view .LVU16
  91 0044 1B6B     		ldr	r3, [r3, #48]
  92 0046 03F00103 		and	r3, r3, #1
  93 004a 0293     		str	r3, [sp, #8]
  94              		.loc 1 48 3 view .LVU17
  95 004c 029B     		ldr	r3, [sp, #8]
  96              	.LBE4:
  49:Core/Src/gpio.c **** 
  50:Core/Src/gpio.c ****   /*Configure GPIO pin Output Level */
  51:Core/Src/gpio.c ****   HAL_GPIO_WritePin(LED_GPIO_Port, LED_Pin, GPIO_PIN_RESET);
  97              		.loc 1 51 3 view .LVU18
  98 004e 0E4E     		ldr	r6, .L3+4
  99 0050 2246     		mov	r2, r4
 100 0052 4FF40051 		mov	r1, #8192
 101 0056 3046     		mov	r0, r6
 102 0058 FFF7FEFF 		bl	HAL_GPIO_WritePin
 103              	.LVL0:
  52:Core/Src/gpio.c **** 
  53:Core/Src/gpio.c ****   /*Configure GPIO pin : PtPin */
  54:Core/Src/gpio.c ****   GPIO_InitStruct.Pin = LED_Pin;
 104              		.loc 1 54 3 view .LVU19
 105              		.loc 1 54 23 is_stmt 0 view .LVU20
 106 005c 4FF40053 		mov	r3, #8192
 107 0060 0393     		str	r3, [sp, #12]
  55:Core/Src/gpio.c ****   GPIO_InitStruct.Mode = GPIO_MODE_OUTPUT_PP;
 108              		.loc 1 55 3 is_stmt 1 view .LVU21
 109              		.loc 1 55 24 is_stmt 0 view .LVU22
 110 0062 0125     		movs	r5, #1
 111 0064 0495     		str	r5, [sp, #16]
  56:Core/Src/gpio.c ****   GPIO_InitStruct.Pull = GPIO_NOPULL;
 112              		.loc 1 56 3 is_stmt 1 view .LVU23
 113              		.loc 1 56 24 is_stmt 0 view .LVU24
 114 0066 0594     		str	r4, [sp, #20]
  57:Core/Src/gpio.c ****   GPIO_InitStruct.Speed = GPIO_SPEED_FREQ_LOW;
 115              		.loc 1 57 3 is_stmt 1 view .LVU25
ARM GAS  C:\Users\MSI-NB\AppData\Local\Temp\ccpf1cto.s 			page 4


 116              		.loc 1 57 25 is_stmt 0 view .LVU26
 117 0068 0694     		str	r4, [sp, #24]
  58:Core/Src/gpio.c ****   HAL_GPIO_Init(LED_GPIO_Port, &GPIO_InitStruct);
 118              		.loc 1 58 3 is_stmt 1 view .LVU27
 119 006a 03A9     		add	r1, sp, #12
 120 006c 3046     		mov	r0, r6
 121 006e FFF7FEFF 		bl	HAL_GPIO_Init
 122              	.LVL1:
  59:Core/Src/gpio.c **** 
  60:Core/Src/gpio.c ****   /*Configure GPIO pin : PtPin */
  61:Core/Src/gpio.c ****   GPIO_InitStruct.Pin = Button_Pin;
 123              		.loc 1 61 3 view .LVU28
 124              		.loc 1 61 23 is_stmt 0 view .LVU29
 125 0072 0395     		str	r5, [sp, #12]
  62:Core/Src/gpio.c ****   GPIO_InitStruct.Mode = GPIO_MODE_INPUT;
 126              		.loc 1 62 3 is_stmt 1 view .LVU30
 127              		.loc 1 62 24 is_stmt 0 view .LVU31
 128 0074 0494     		str	r4, [sp, #16]
  63:Core/Src/gpio.c ****   GPIO_InitStruct.Pull = GPIO_NOPULL;
 129              		.loc 1 63 3 is_stmt 1 view .LVU32
 130              		.loc 1 63 24 is_stmt 0 view .LVU33
 131 0076 0594     		str	r4, [sp, #20]
  64:Core/Src/gpio.c ****   HAL_GPIO_Init(Button_GPIO_Port, &GPIO_InitStruct);
 132              		.loc 1 64 3 is_stmt 1 view .LVU34
 133 0078 03A9     		add	r1, sp, #12
 134 007a 0448     		ldr	r0, .L3+8
 135 007c FFF7FEFF 		bl	HAL_GPIO_Init
 136              	.LVL2:
  65:Core/Src/gpio.c **** 
  66:Core/Src/gpio.c **** }
 137              		.loc 1 66 1 is_stmt 0 view .LVU35
 138 0080 08B0     		add	sp, sp, #32
 139              	.LCFI2:
 140              		.cfi_def_cfa_offset 16
 141              		@ sp needed
 142 0082 70BD     		pop	{r4, r5, r6, pc}
 143              	.L4:
 144              		.align	2
 145              	.L3:
 146 0084 00380240 		.word	1073887232
 147 0088 00080240 		.word	1073874944
 148 008c 00000240 		.word	1073872896
 149              		.cfi_endproc
 150              	.LFE130:
 152              		.text
 153              	.Letext0:
 154              		.file 2 "c:\\program files (x86)\\gnu tools arm embedded\\8 2019-q3-update\\arm-none-eabi\\include
 155              		.file 3 "c:\\program files (x86)\\gnu tools arm embedded\\8 2019-q3-update\\arm-none-eabi\\include
 156              		.file 4 "Drivers/CMSIS/Include/core_cm4.h"
 157              		.file 5 "Drivers/CMSIS/Device/ST/STM32F4xx/Include/system_stm32f4xx.h"
 158              		.file 6 "Drivers/CMSIS/Device/ST/STM32F4xx/Include/stm32f411xe.h"
 159              		.file 7 "Drivers/STM32F4xx_HAL_Driver/Inc/stm32f4xx_hal_gpio.h"
 160              		.file 8 "Drivers/STM32F4xx_HAL_Driver/Inc/stm32f4xx_hal.h"
ARM GAS  C:\Users\MSI-NB\AppData\Local\Temp\ccpf1cto.s 			page 5


DEFINED SYMBOLS
                            *ABS*:00000000 gpio.c
C:\Users\MSI-NB\AppData\Local\Temp\ccpf1cto.s:18     .text.MX_GPIO_Init:00000000 $t
C:\Users\MSI-NB\AppData\Local\Temp\ccpf1cto.s:26     .text.MX_GPIO_Init:00000000 MX_GPIO_Init
C:\Users\MSI-NB\AppData\Local\Temp\ccpf1cto.s:146    .text.MX_GPIO_Init:00000084 $d

UNDEFINED SYMBOLS
HAL_GPIO_WritePin
HAL_GPIO_Init
